AH00558: httpd: Could not reliably determine the server's fully qualified domain name, using groovy-no-MacBook-Pro.local. Set the 'ServerName' directive globally to suppress this message
[Wed Aug 03 18:26:38.491091 2022] [mpm_event:notice] [pid 7664:tid 4540489152] AH00489: Apache/2.4.43 (Unix) configured -- resuming normal operations
[Wed Aug 03 18:26:38.491725 2022] [core:notice] [pid 7664:tid 4540489152] AH00094: Command line: '/Users/groovy/Library/Application Support/Local/lightning-services/apache-2.4.43+7/bin/darwin/bin/httpd -D FOREGROUND -f /Users/groovy/Library/Application Support/Local/run/RGyZbAiAg/conf/apache/apache2.conf'
[Wed Aug 03 18:27:47.168934 2022] [mpm_event:notice] [pid 7664:tid 4540489152] AH00491: caught SIGTERM, shutting down
AH00558: httpd: Could not reliably determine the server's fully qualified domain name, using groovy-no-MacBook-Pro.local. Set the 'ServerName' directive globally to suppress this message
[Wed Aug 03 18:27:59.709060 2022] [mpm_event:notice] [pid 7890:tid 4463906240] AH00489: Apache/2.4.43 (Unix) configured -- resuming normal operations
[Wed Aug 03 18:27:59.710862 2022] [core:notice] [pid 7890:tid 4463906240] AH00094: Command line: '/Users/groovy/Library/Application Support/Local/lightning-services/apache-2.4.43+7/bin/darwin/bin/httpd -D FOREGROUND -f /Users/groovy/Library/Application Support/Local/run/RGyZbAiAg/conf/apache/apache2.conf'
[Wed Aug 03 21:06:28.962549 2022] [mpm_event:notice] [pid 7890:tid 4463906240] AH00491: caught SIGTERM, shutting down
AH00558: httpd: Could not reliably determine the server's fully qualified domain name, using groovy-no-MacBook-Pro.local. Set the 'ServerName' directive globally to suppress this message
[Wed Aug 03 22:50:42.314552 2022] [mpm_event:notice] [pid 12357:tid 4546874816] AH00489: Apache/2.4.43 (Unix) configured -- resuming normal operations
[Wed Aug 03 22:50:42.315149 2022] [core:notice] [pid 12357:tid 4546874816] AH00094: Command line: '/Users/groovy/Library/Application Support/Local/lightning-services/apache-2.4.43+7/bin/darwin/bin/httpd -D FOREGROUND -f /Users/groovy/Library/Application Support/Local/run/RGyZbAiAg/conf/apache/apache2.conf'
[Wed Aug 03 22:52:44.119311 2022] [mpm_event:notice] [pid 12357:tid 4546874816] AH00491: caught SIGTERM, shutting down
AH00558: httpd: Could not reliably determine the server's fully qualified domain name, using groovy-no-MacBook-Pro.local. Set the 'ServerName' directive globally to suppress this message
[Thu Aug 04 11:45:26.126016 2022] [mpm_event:notice] [pid 1496:tid 4377783744] AH00489: Apache/2.4.43 (Unix) configured -- resuming normal operations
[Thu Aug 04 11:45:26.126866 2022] [core:notice] [pid 1496:tid 4377783744] AH00094: Command line: '/Users/groovy/Library/Application Support/Local/lightning-services/apache-2.4.43+7/bin/darwin/bin/httpd -D FOREGROUND -f /Users/groovy/Library/Application Support/Local/run/RGyZbAiAg/conf/apache/apache2.conf'
AH00558: httpd: Could not reliably determine the server's fully qualified domain name, using groovy-no-MacBook-Pro.local. Set the 'ServerName' directive globally to suppress this message
[Sat Aug 06 11:08:45.260997 2022] [mpm_event:notice] [pid 908:tid 4461899200] AH00489: Apache/2.4.43 (Unix) configured -- resuming normal operations
[Sat Aug 06 11:08:45.261570 2022] [core:notice] [pid 908:tid 4461899200] AH00094: Command line: '/Users/groovy/Library/Application Support/Local/lightning-services/apache-2.4.43+7/bin/darwin/bin/httpd -D FOREGROUND -f /Users/groovy/Library/Application Support/Local/run/RGyZbAiAg/conf/apache/apache2.conf'
AH00558: httpd: Could not reliably determine the server's fully qualified domain name, using groovy-no-MacBook-Pro.local. Set the 'ServerName' directive globally to suppress this message
[Sun Aug 07 12:24:08.688422 2022] [mpm_event:notice] [pid 2005:tid 4590230976] AH00489: Apache/2.4.43 (Unix) configured -- resuming normal operations
[Sun Aug 07 12:24:08.689907 2022] [core:notice] [pid 2005:tid 4590230976] AH00094: Command line: '/Users/groovy/Library/Application Support/Local/lightning-services/apache-2.4.43+7/bin/darwin/bin/httpd -D FOREGROUND -f /Users/groovy/Library/Application Support/Local/run/RGyZbAiAg/conf/apache/apache2.conf'
